Log file open, 11/18/24 14:55:30
LogWindows: Failed to load 'aqProf.dll' (GetLastError=126)
LogWindows: File 'aqProf.dll' does not exist
LogWindows: Failed to load 'VtuneApi.dll' (GetLastError=126)
LogWindows: File 'VtuneApi.dll' does not exist
LogWindows: Failed to load 'VtuneApi32e.dll' (GetLastError=126)
LogWindows: File 'VtuneApi32e.dll' does not exist
LogConsoleResponse: Display: Failed to find resolution value strings in scalability ini. Falling back to default.
LogInit: Display: Running engine for game: Cozfee
LogPlatformFile: Not using cached read wrapper
LogTaskGraph: Started task graph with 5 named threads and 59 total threads with 3 sets of task threads.
LogStats: Stats thread started at 0.126783
LogD3D11RHI: Loaded GFSDK_Aftermath_Lib.x64.dll
LogICUInternationalization: ICU TimeZone Detection - Raw Offset: +0:00, Platform Override: ''
LogPluginManager: Mounting plugin Paper2D
LogPluginManager: Mounting plugin AISupport
LogPluginManager: Mounting plugin LightPropagationVolume
LogPluginManager: Mounting plugin ActorLayerUtilities
LogPluginManager: Mounting plugin AnimationSharing
LogPluginManager: Mounting plugin CLionSourceCodeAccess
LogPluginManager: Mounting plugin CodeLiteSourceCodeAccess
LogPluginManager: Mounting plugin GitSourceControl
LogPluginManager: Mounting plugin KDevelopSourceCodeAccess
LogPluginManager: Mounting plugin NullSourceCodeAccess
LogPluginManager: Mounting plugin PerforceSourceControl
LogPluginManager: Mounting plugin SubversionSourceControl
LogPluginManager: Mounting plugin UObjectPlugin
LogPluginManager: Mounting plugin VisualStudioCodeSourceCodeAccess
LogPluginManager: Mounting plugin VisualStudioSourceCodeAccess
LogPluginManager: Mounting plugin XCodeSourceCodeAccess
LogPluginManager: Mounting plugin AssetManagerEditor
LogPluginManager: Mounting plugin CryptoKeys
LogPluginManager: Mounting plugin CurveEditorTools
LogPluginManager: Mounting plugin DataValidation
LogPluginManager: Mounting plugin FacialAnimation
LogPluginManager: Mounting plugin GameplayTagsEditor
LogPluginManager: Mounting plugin MacGraphicsSwitching
LogPluginManager: Mounting plugin MaterialAnalyzer
LogPluginManager: Mounting plugin MobileLauncherProfileWizard
LogPluginManager: Mounting plugin PluginBrowser
LogPluginManager: Mounting plugin SpeedTreeImporter
LogPluginManager: Mounting plugin DatasmithContent
LogPluginManager: Mounting plugin VariantManagerContent
LogPluginManager: Mounting plugin AlembicImporter
LogPluginManager: Mounting plugin AutomationUtils
LogPluginManager: Mounting plugin BackChannel
LogPluginManager: Mounting plugin CharacterAI
LogPluginManager: Mounting plugin GeometryCache
LogPluginManager: Mounting plugin HTML5Networking
LogPluginManager: Mounting plugin PlatformCrypto
LogPluginManager: Mounting plugin ProxyLODPlugin
LogPluginManager: Mounting plugin SkeletalReduction
LogPluginManager: Mounting plugin MagicLeap
LogPluginManager: Mounting plugin MagicLeapMedia
LogPluginManager: Mounting plugin AndroidMedia
LogPluginManager: Mounting plugin AvfMedia
LogPluginManager: Mounting plugin ImgMedia
LogPluginManager: Mounting plugin MediaCompositing
LogPluginManager: Mounting plugin MediaPlayerEditor
LogPluginManager: Mounting plugin WebMMedia
LogPluginManager: Mounting plugin WmfMedia
LogPluginManager: Mounting plugin TcpMessaging
LogPluginManager: Mounting plugin UdpMessaging
LogPluginManager: Mounting plugin ActorSequence
LogPluginManager: Mounting plugin LevelSequenceEditor
LogPluginManager: Mounting plugin MatineeToLevelSequence
LogPluginManager: Mounting plugin NetcodeUnitTest
LogPluginManager: Mounting plugin NUTUnrealEngine4
LogPluginManager: Mounting plugin OnlineSubsystemGooglePlay
LogPluginManager: Mounting plugin OnlineSubsystemIOS
LogPluginManager: Mounting plugin OnlineSubsystem
LogPluginManager: Mounting plugin OnlineSubsystemNull
LogPluginManager: Mounting plugin OnlineSubsystemUtils
LogPluginManager: Mounting plugin LauncherChunkInstaller
LogPluginManager: Mounting plugin AndroidDeviceProfileSelector
LogPluginManager: Mounting plugin AndroidMoviePlayer
LogPluginManager: Mounting plugin AndroidPermission
LogPluginManager: Mounting plugin AppleImageUtils
LogPluginManager: Mounting plugin AppleMoviePlayer
LogPluginManager: Mounting plugin ArchVisCharacter
LogPluginManager: Mounting plugin AudioCapture
LogPluginManager: Mounting plugin CableComponent
LogPluginManager: Mounting plugin CustomMeshComponent
LogPluginManager: Mounting plugin EditableMesh
LogPluginManager: Mounting plugin ExampleDeviceProfileSelector
LogPluginManager: Mounting plugin GoogleCloudMessaging
LogPluginManager: Mounting plugin IOSDeviceProfileSelector
LogPluginManager: Mounting plugin LinuxDeviceProfileSelector
LogPluginManager: Mounting plugin LocationServicesBPLibrary
LogPluginManager: Mounting plugin MobilePatchingUtils
LogPluginManager: Mounting plugin OculusVR
LogPluginManager: Mounting plugin PhysXVehicles
LogPluginManager: Mounting plugin ProceduralMeshComponent
LogPluginManager: Mounting plugin RuntimePhysXCooking
LogPluginManager: Mounting plugin SignificanceManager
LogPluginManager: Mounting plugin SteamVR
LogPluginManager: Mounting plugin WebMMoviePlayer
LogPluginManager: Mounting plugin WindowsMoviePlayer
LogPluginManager: Mounting plugin ScreenshotTools
LogInit: Using libcurl 7.55.1-DEV
LogInit:  - built for x86_64-pc-win32
LogInit:  - supports SSL with OpenSSL/1.1.1
LogInit:  - supports HTTP deflate (compression) using libz 1.2.8
LogInit:  - other features:
LogInit:      CURL_VERSION_SSL
LogInit:      CURL_VERSION_LIBZ
LogInit:      CURL_VERSION_IPV6
LogInit:      CURL_VERSION_ASYNCHDNS
LogInit:      CURL_VERSION_LARGEFILE
LogInit:      CURL_VERSION_IDN
LogInit:  CurlRequestOptions (configurable via config and command line):
LogInit:  - bVerifyPeer = true  - Libcurl will verify peer certificate
LogInit:  - bUseHttpProxy = false  - Libcurl will NOT use HTTP proxy
LogInit:  - bDontReuseConnections = false  - Libcurl will reuse connections
LogInit:  - MaxHostConnections = 16  - Libcurl will limit the number of connections to a host
LogInit:  - LocalHostAddr = Default
LogInit:  - BufferSize = 65536
LogOnline: OSS: Creating online subsystem instance for: NULL
LogInit: WinSock: version 1.1 (2.2), MaxSocks=32767, MaxUdp=65467
LogInit: Build: ++UE4+Release-4.23-CL-9631420
LogInit: Engine Version: 4.23.1-9631420+++UE4+Release-4.23
LogInit: Compatible Engine Version: 4.23.0-8386587+++UE4+Release-4.23
LogInit: Net CL: 8386587
LogInit: OS: Windows 10 (Release 2009) (), CPU: 12th Gen Intel(R) Core(TM) i7-12700H, GPU: Intel(R) Iris(R) Xe Graphics
LogInit: Compiled (64-bit): Oct 18 2019 02:07:44
LogInit: Compiled with Visual C++: 19.16.27030.01
LogInit: Build Configuration: Development
LogInit: Branch Name: ++UE4+Release-4.23
LogInit: Command Line:  -AUTH_LOGIN=unused -AUTH_PASSWORD=08e0b156a3fe41fa8a69530d7d1edd3d -AUTH_TYPE=exchangecode -epicapp=UE_4.23 -epicenv=Prod -EpicPortal -epicusername=comerade_petru -epicuserid=cd51bd7507334033afce7b81cacdae8f -epiclocale=en -epicsandboxid=ue
LogInit: Base Directory: C:/Program Files/Epic Games/UE_4.23/Engine/Binaries/Win64/
LogInit: Installed Engine Build: 1
LogDevObjectVersion: Number of dev versions registered: 23
LogDevObjectVersion:   Dev-Blueprints (B0D832E4-1F89-4F0D-ACCF-7EB736FD4AA2): 10
LogDevObjectVersion:   Dev-Build (E1C64328-A22C-4D53-A36C-8E866417BD8C): 0
LogDevObjectVersion:   Dev-Core (375EC13C-06E4-48FB-B500-84F0262A717E): 3
LogDevObjectVersion:   Dev-Editor (E4B068ED-F494-42E9-A231-DA0B2E46BB41): 34
LogDevObjectVersion:   Dev-Framework (CFFC743F-43B0-4480-9391-14DF171D2073): 35
LogDevObjectVersion:   Dev-Mobile (B02B49B5-BB20-44E9-A304-32B752E40360): 2
LogDevObjectVersion:   Dev-Networking (A4E4105C-59A1-49B5-A7C5-40C4547EDFEE): 0
LogDevObjectVersion:   Dev-Online (39C831C9-5AE6-47DC-9A44-9C173E1C8E7C): 0
LogDevObjectVersion:   Dev-Physics (78F01B33-EBEA-4F98-B9B4-84EACCB95AA2): 0
LogDevObjectVersion:   Dev-Platform (6631380F-2D4D-43E0-8009-CF276956A95A): 0
LogDevObjectVersion:   Dev-Rendering (12F88B9F-8875-4AFC-A67C-D90C383ABD29): 31
LogDevObjectVersion:   Dev-Sequencer (7B5AE74C-D270-4C10-A958-57980B212A5A): 11
LogDevObjectVersion:   Dev-VR (D7296918-1DD6-4BDD-9DE2-64A83CC13884): 2
LogDevObjectVersion:   Dev-LoadTimes (C2A15278-BFE7-4AFE-6C17-90FF531DF755): 1
LogDevObjectVersion:   Private-Geometry (6EACA3D4-40EC-4CC1-B786-8BED09428FC5): 3
LogDevObjectVersion:   Dev-AnimPhys (29E575DD-E0A3-4627-9D10-D276232CDCEA): 17
LogDevObjectVersion:   Dev-Anim (AF43A65D-7FD3-4947-9873-3E8ED9C1BB05): 2
LogDevObjectVersion:   Dev-ReflectionCapture (6B266CEC-1EC7-4B8F-A30B-E4D90942FC07): 1
LogDevObjectVersion:   Dev-Automation (0DF73D61-A23F-47EA-B727-89E90C41499A): 1
LogDevObjectVersion:   FortniteMain (601D1886-AC64-4F84-AA16-D3DE0DEAC7D6): 27
LogDevObjectVersion:   Dev-Enterprise (9DFFBCD6-494F-0158-E221-12823C92A888): 6
LogDevObjectVersion:   Dev-Niagara (F2AED0AC-9AFE-416F-8664-AA7FFA26D6FC): 1
LogDevObjectVersion:   Dev-Destruction (174F1F0B-B4C6-45A5-B13F-2EE8D0FB917D): 9
LogInit: Presizing for max 16777216 objects, including 0 objects not considered by GC, pre-allocating 0 bytes for permanent pool.
LogInit: Object subsystem initialized
LogConfig: Setting CVar [[con.DebugEarlyDefault:1]]
LogConfig: Setting CVar [[r.setres:1280x720]]
[2024.11.18-14.55.30:448][  0]LogConfig: Setting CVar [[r.VSync:0]]
[2024.11.18-14.55.30:448][  0]LogConfig: Setting CVar [[r.RHICmdBypass:0]]
[2024.11.18-14.55.30:448][  0]LogConfig: Applying CVar settings from Section [/Script/Engine.RendererSettings] File [C:/Users/petru/Documents/GitHub/Cozfee/Cozfee/Saved/Config/Windows/Engine.ini]
[2024.11.18-14.55.30:448][  0]LogConfig: Setting CVar [[r.GPUCrashDebugging:0]]
[2024.11.18-14.55.30:448][  0]LogConfig: Setting CVar [[r.DefaultFeature.AutoExposure.ExtendDefaultLuminanceRange:1]]
[2024.11.18-14.55.30:448][  0]LogConfig: Applying CVar settings from Section [/Script/Engine.RendererOverrideSettings] File [C:/Users/petru/Documents/GitHub/Cozfee/Cozfee/Saved/Config/Windows/Engine.ini]
[2024.11.18-14.55.30:448][  0]LogConfig: Applying CVar settings from Section [/Script/Engine.StreamingSettings] File [C:/Users/petru/Documents/GitHub/Cozfee/Cozfee/Saved/Config/Windows/Engine.ini]
[2024.11.18-14.55.30:448][  0]LogConfig: Setting CVar [[s.MinBulkDataSizeForAsyncLoading:131072]]
[2024.11.18-14.55.30:448][  0]LogConfig: Setting CVar [[s.AsyncLoadingThreadEnabled:0]]
[2024.11.18-14.55.30:448][  0]LogConfig: Setting CVar [[s.EventDrivenLoaderEnabled:1]]
[2024.11.18-14.55.30:448][  0]LogConfig: Setting CVar [[s.WarnIfTimeLimitExceeded:0]]
[2024.11.18-14.55.30:448][  0]LogConfig: Setting CVar [[s.TimeLimitExceededMultiplier:1.5]]
[2024.11.18-14.55.30:448][  0]LogConfig: Setting CVar [[s.TimeLimitExceededMinTime:0.005]]
[2024.11.18-14.55.30:448][  0]LogConfig: Setting CVar [[s.UseBackgroundLevelStreaming:1]]
[2024.11.18-14.55.30:448][  0]LogConfig: Setting CVar [[s.PriorityAsyncLoadingExtraTime:15.0]]
[2024.11.18-14.55.30:448][  0]LogConfig: Setting CVar [[s.LevelStreamingActorsUpdateTimeLimit:5.0]]
[2024.11.18-14.55.30:448][  0]LogConfig: Setting CVar [[s.PriorityLevelStreamingActorsUpdateExtraTime:5.0]]
[2024.11.18-14.55.30:448][  0]LogConfig: Setting CVar [[s.LevelStreamingComponentsRegistrationGranularity:10]]
[2024.11.18-14.55.30:448][  0]LogConfig: Setting CVar [[s.UnregisterComponentsTimeLimit:1.0]]
[2024.11.18-14.55.30:448][  0]LogConfig: Setting CVar [[s.LevelStreamingComponentsUnregistrationGranularity:5]]
[2024.11.18-14.55.30:448][  0]LogConfig: Applying CVar settings from Section [/Script/Engine.GarbageCollectionSettings] File [C:/Users/petru/Documents/GitHub/Cozfee/Cozfee/Saved/Config/Windows/Engine.ini]
[2024.11.18-14.55.30:448][  0]LogConfig: Setting CVar [[gc.MaxObjectsNotConsideredByGC:1]]
[2024.11.18-14.55.30:448][  0]LogConfig: Setting CVar [[gc.SizeOfPermanentObjectPool:0]]
[2024.11.18-14.55.30:448][  0]LogConfig: Setting CVar [[gc.FlushStreamingOnGC:0]]
[2024.11.18-14.55.30:448][  0]LogConfig: Setting CVar [[gc.NumRetriesBeforeForcingGC:10]]
[2024.11.18-14.55.30:448][  0]LogConfig: Setting CVar [[gc.AllowParallelGC:1]]
[2024.11.18-14.55.30:448][  0]LogConfig: Setting CVar [[gc.TimeBetweenPurgingPendingKillObjects:61.1]]
[2024.11.18-14.55.30:448][  0]LogConfig: Setting CVar [[gc.MaxObjectsInEditor:16777216]]
[2024.11.18-14.55.30:448][  0]LogConfig: Setting CVar [[gc.IncrementalBeginDestroyEnabled:1]]
[2024.11.18-14.55.30:448][  0]LogConfig: Setting CVar [[gc.CreateGCClusters:1]]
[2024.11.18-14.55.30:448][  0]LogConfig: Setting CVar [[gc.MinGCClusterSize:5]]
[2024.11.18-14.55.30:448][  0]LogConfig: Setting CVar [[gc.ActorClusteringEnabled:0]]
[2024.11.18-14.55.30:448][  0]LogConfig: Setting CVar [[gc.BlueprintClusteringEnabled:0]]
[2024.11.18-14.55.30:448][  0]LogConfig: Setting CVar [[gc.UseDisregardForGCOnDedicatedServers:0]]
[2024.11.18-14.55.30:448][  0]LogConfig: Applying CVar settings from Section [/Script/Engine.NetworkSettings] File [C:/Users/petru/Documents/GitHub/Cozfee/Cozfee/Saved/Config/Windows/Engine.ini]
[2024.11.18-14.55.30:448][  0]LogConfig: Applying CVar settings from Section [/Script/UnrealEd.CookerSettings] File [C:/Users/petru/Documents/GitHub/Cozfee/Cozfee/Saved/Config/Windows/Engine.ini]
[2024.11.18-14.55.30:452][  0]LogConfig: Applying CVar settings from Section [ViewDistanceQuality@3] File [C:/Users/petru/Documents/GitHub/Cozfee/Cozfee/Saved/Config/Windows/Scalability.ini]
[2024.11.18-14.55.30:452][  0]LogConfig: Setting CVar [[r.SkeletalMeshLODBias:0]]
[2024.11.18-14.55.30:452][  0]LogConfig: Setting CVar [[r.ViewDistanceScale:1.0]]
[2024.11.18-14.55.30:452][  0]LogConfig: Applying CVar settings from Section [AntiAliasingQuality@3] File [C:/Users/petru/Documents/GitHub/Cozfee/Cozfee/Saved/Config/Windows/Scalability.ini]
[2024.11.18-14.55.30:452][  0]LogConfig: Setting CVar [[r.PostProcessAAQuality:4]]
[2024.11.18-14.55.30:452][  0]LogConfig: Applying CVar settings from Section [ShadowQuality@3] File [C:/Users/petru/Documents/GitHub/Cozfee/Cozfee/Saved/Config/Windows/Scalability.ini]
[2024.11.18-14.55.30:452][  0]LogConfig: Setting CVar [[r.LightFunctionQuality:1]]
[2024.11.18-14.55.30:452][  0]LogConfig: Setting CVar [[r.ShadowQuality:5]]
[2024.11.18-14.55.30:452][  0]LogConfig: Setting CVar [[r.Shadow.CSM.MaxCascades:10]]
[2024.11.18-14.55.30:452][  0]LogConfig: Setting CVar [[r.Shadow.MaxResolution:2048]]
[2024.11.18-14.55.30:452][  0]LogConfig: Setting CVar [[r.Shadow.MaxCSMResolution:2048]]
[2024.11.18-14.55.30:452][  0]LogConfig: Setting CVar [[r.Shadow.RadiusThreshold:0.01]]
[2024.11.18-14.55.30:452][  0]LogConfig: Setting CVar [[r.Shadow.DistanceScale:1.0]]
[2024.11.18-14.55.30:452][  0]LogConfig: Setting CVar [[r.Shadow.CSM.TransitionScale:1.0]]
[2024.11.18-14.55.30:452][  0]LogConfig: Setting CVar [[r.Shadow.PreShadowResolutionFactor:1.0]]
[2024.11.18-14.55.30:452][  0]LogConfig: Setting CVar [[r.DistanceFieldShadowing:1]]
[2024.11.18-14.55.30:452][  0]LogConfig: Setting CVar [[r.DistanceFieldAO:1]]
[2024.11.18-14.55.30:452][  0]LogConfig: Setting CVar [[r.AOQuality:2]]
[2024.11.18-14.55.30:452][  0]LogConfig: Setting CVar [[r.VolumetricFog:1]]
[2024.11.18-14.55.30:452][  0]LogConfig: Setting CVar [[r.VolumetricFog.GridPixelSize:8]]
[2024.11.18-14.55.30:452][  0]LogConfig: Setting CVar [[r.VolumetricFog.GridSizeZ:128]]
[2024.11.18-14.55.30:452][  0]LogConfig: Setting CVar [[r.VolumetricFog.HistoryMissSupersampleCount:4]]
[2024.11.18-14.55.30:452][  0]LogConfig: Setting CVar [[r.LightMaxDrawDistanceScale:1]]
[2024.11.18-14.55.30:452][  0]LogConfig: Setting CVar [[r.CapsuleShadows:1]]
[2024.11.18-14.55.30:452][  0]LogConfig: Applying CVar settings from Section [PostProcessQuality@3] File [C:/Users/petru/Documents/GitHub/Cozfee/Cozfee/Saved/Config/Windows/Scalability.ini]
[2024.11.18-14.55.30:452][  0]LogConfig: Setting CVar [[r.MotionBlurQuality:4]]
[2024.11.18-14.55.30:452][  0]LogConfig: Setting CVar [[r.AmbientOcclusionMipLevelFactor:0.4]]
[2024.11.18-14.55.30:452][  0]LogConfig: Setting CVar [[r.AmbientOcclusionMaxQuality:100]]
[2024.11.18-14.55.30:452][  0]LogConfig: Setting CVar [[r.AmbientOcclusionLevels:-1]]
[2024.11.18-14.55.30:452][  0]LogConfig: Setting CVar [[r.AmbientOcclusionRadiusScale:1.0]]
[2024.11.18-14.55.30:452][  0]LogConfig: Setting CVar [[r.DepthOfFieldQuality:2]]
[2024.11.18-14.55.30:452][  0]LogConfig: Setting CVar [[r.RenderTargetPoolMin:400]]
[2024.11.18-14.55.30:452][  0]LogConfig: Setting CVar [[r.LensFlareQuality:2]]
[2024.11.18-14.55.30:452][  0]LogConfig: Setting CVar [[r.SceneColorFringeQuality:1]]
[2024.11.18-14.55.30:452][  0]LogConfig: Setting CVar [[r.EyeAdaptationQuality:2]]
[2024.11.18-14.55.30:452][  0]LogConfig: Setting CVar [[r.BloomQuality:5]]
[2024.11.18-14.55.30:452][  0]LogConfig: Setting CVar [[r.FastBlurThreshold:100]]
[2024.11.18-14.55.30:452][  0]LogConfig: Setting CVar [[r.Upscale.Quality:3]]
[2024.11.18-14.55.30:452][  0]LogConfig: Setting CVar [[r.Tonemapper.GrainQuantization:1]]
[2024.11.18-14.55.30:452][  0]LogConfig: Setting CVar [[r.LightShaftQuality:1]]
[2024.11.18-14.55.30:452][  0]LogConfig: Setting CVar [[r.Filter.SizeScale:1]]
[2024.11.18-14.55.30:452][  0]LogConfig: Setting CVar [[r.Tonemapper.Quality:5]]
[2024.11.18-14.55.30:452][  0]LogConfig: Setting CVar [[r.DOF.Gather.AccumulatorQuality:1        ; higher gathering accumulator quality]]
[2024.11.18-14.55.30:452][  0]LogConfig: Setting CVar [[r.DOF.Gather.PostfilterMethod:1          ; Median3x3 postfilering method]]
[2024.11.18-14.55.30:452][  0]LogConfig: Setting CVar [[r.DOF.Gather.EnableBokehSettings:0       ; no bokeh simulation when gathering]]
[2024.11.18-14.55.30:452][  0]LogConfig: Setting CVar [[r.DOF.Gather.RingCount:4                 ; medium number of samples when gathering]]
[2024.11.18-14.55.30:452][  0]LogConfig: Setting CVar [[r.DOF.Scatter.ForegroundCompositing:1    ; additive foreground scattering]]
[2024.11.18-14.55.30:453][  0]LogConfig: Setting CVar [[r.DOF.Scatter.BackgroundCompositing:2    ; additive background scattering]]
[2024.11.18-14.55.30:453][  0]LogConfig: Setting CVar [[r.DOF.Scatter.EnableBokehSettings:1      ; bokeh simulation when scattering]]
[2024.11.18-14.55.30:453][  0]LogConfig: Setting CVar [[r.DOF.Scatter.MaxSpriteRatio:0.1         ; only a maximum of 10% of scattered bokeh]]
[2024.11.18-14.55.30:453][  0]LogConfig: Setting CVar [[r.DOF.Recombine.Quality:1                ; cheap slight out of focus]]
[2024.11.18-14.55.30:453][  0]LogConfig: Setting CVar [[r.DOF.Recombine.EnableBokehSettings:0    ; no bokeh simulation on slight out of focus]]
[2024.11.18-14.55.30:453][  0]LogConfig: Setting CVar [[r.DOF.TemporalAAQuality:1                ; more stable temporal accumulation]]
[2024.11.18-14.55.30:453][  0]LogConfig: Setting CVar [[r.DOF.Kernel.MaxForegroundRadius:0.025]]
[2024.11.18-14.55.30:453][  0]LogConfig: Setting CVar [[r.DOF.Kernel.MaxBackgroundRadius:0.025]]
[2024.11.18-14.55.30:453][  0]LogConfig: Applying CVar settings from Section [TextureQuality@3] File [C:/Users/petru/Documents/GitHub/Cozfee/Cozfee/Saved/Config/Windows/Scalability.ini]
[2024.11.18-14.55.30:453][  0]LogConfig: Setting CVar [[r.Streaming.MipBias:0]]
[2024.11.18-14.55.30:453][  0]LogConfig: Setting CVar [[r.Streaming.AmortizeCPUToGPUCopy:0]]
[2024.11.18-14.55.30:453][  0]LogConfig: Setting CVar [[r.Streaming.MaxNumTexturesToStreamPerFrame:0]]
[2024.11.18-14.55.30:453][  0]LogConfig: Setting CVar [[r.Streaming.Boost:1]]
[2024.11.18-14.55.30:453][  0]LogConfig: Setting CVar [[r.MaxAnisotropy:8]]
[2024.11.18-14.55.30:453][  0]LogConfig: Setting CVar [[r.Streaming.LimitPoolSizeToVRAM:0]]
[2024.11.18-14.55.30:453][  0]LogConfig: Setting CVar [[r.Streaming.PoolSize:1000]]
[2024.11.18-14.55.30:453][  0]LogConfig: Setting CVar [[r.Streaming.MaxEffectiveScreenSize:0]]
[2024.11.18-14.55.30:453][  0]LogConfig: Applying CVar settings from Section [EffectsQuality@3] File [C:/Users/petru/Documents/GitHub/Cozfee/Cozfee/Saved/Config/Windows/Scalability.ini]
[2024.11.18-14.55.30:453][  0]LogConfig: Setting CVar [[r.TranslucencyLightingVolumeDim:64]]
[2024.11.18-14.55.30:453][  0]LogConfig: Setting CVar [[r.RefractionQuality:2]]
[2024.11.18-14.55.30:453][  0]LogConfig: Setting CVar [[r.SSR.Quality:3]]
[2024.11.18-14.55.30:453][  0]LogConfig: Setting CVar [[r.SceneColorFormat:4]]
[2024.11.18-14.55.30:453][  0]LogConfig: Setting CVar [[r.DetailMode:2]]
[2024.11.18-14.55.30:453][  0]LogConfig: Setting CVar [[r.TranslucencyVolumeBlur:1]]
[2024.11.18-14.55.30:453][  0]LogConfig: Setting CVar [[r.MaterialQualityLevel:1 ; High quality]]
[2024.11.18-14.55.30:453][  0]LogConfig: Setting CVar [[r.SSS.Scale:1]]
[2024.11.18-14.55.30:453][  0]LogConfig: Setting CVar [[r.SSS.SampleSet:2]]
[2024.11.18-14.55.30:453][  0]LogConfig: Setting CVar [[r.SSS.Quality:1]]
[2024.11.18-14.55.30:453][  0]LogConfig: Setting CVar [[r.SSS.HalfRes:1]]
[2024.11.18-14.55.30:453][  0]LogConfig: Setting CVar [[r.EmitterSpawnRateScale:1.0]]
[2024.11.18-14.55.30:453][  0]LogConfig: Setting CVar [[r.ParticleLightQuality:2]]
[2024.11.18-14.55.30:453][  0]LogConfig: Applying CVar settings from Section [FoliageQuality@3] File [C:/Users/petru/Documents/GitHub/Cozfee/Cozfee/Saved/Config/Windows/Scalability.ini]
[2024.11.18-14.55.30:453][  0]LogConfig: Setting CVar [[foliage.DensityScale:1.0]]
[2024.11.18-14.55.30:453][  0]LogConfig: Setting CVar [[grass.DensityScale:1.0]]
[2024.11.18-14.55.30:453][  0]LogInit: Selected Device Profile: [Windows]
[2024.11.18-14.55.30:453][  0]LogInit: Applying CVar settings loaded from the selected device profile: [Windows]
[2024.11.18-14.55.30:458][  0]LogHAL: Display: Platform has ~ 16 GB [16849293312 / 17179869184 / 16], which maps to Larger [LargestMinGB=32, LargerMinGB=12, DefaultMinGB=8, SmallerMinGB=6, SmallestMinGB=0)
[2024.11.18-14.55.30:458][  0]LogInit: Going up to parent DeviceProfile []
[2024.11.18-14.55.30:458][  0]LogConfig: Applying CVar settings from Section [ViewDistanceQuality@3] File [C:/Users/petru/Documents/GitHub/Cozfee/Cozfee/Saved/Config/Windows/Scalability.ini]
[2024.11.18-14.55.30:458][  0]LogConfig: Setting CVar [[r.SkeletalMeshLODBias:0]]
[2024.11.18-14.55.30:458][  0]LogConfig: Setting CVar [[r.ViewDistanceScale:1.0]]
[2024.11.18-14.55.30:458][  0]LogConfig: Applying CVar settings from Section [AntiAliasingQuality@3] File [C:/Users/petru/Documents/GitHub/Cozfee/Cozfee/Saved/Config/Windows/Scalability.ini]
[2024.11.18-14.55.30:458][  0]LogConfig: Setting CVar [[r.PostProcessAAQuality:4]]
[2024.11.18-14.55.30:458][  0]LogConfig: Applying CVar settings from Section [ShadowQuality@3] File [C:/Users/petru/Documents/GitHub/Cozfee/Cozfee/Saved/Config/Windows/Scalability.ini]
[2024.11.18-14.55.30:458][  0]LogConfig: Setting CVar [[r.LightFunctionQuality:1]]
[2024.11.18-14.55.30:458][  0]LogConfig: Setting CVar [[r.ShadowQuality:5]]
[2024.11.18-14.55.30:458][  0]LogConfig: Setting CVar [[r.Shadow.CSM.MaxCascades:10]]
[2024.11.18-14.55.30:458][  0]LogConfig: Setting CVar [[r.Shadow.MaxResolution:2048]]
[2024.11.18-14.55.30:458][  0]LogConfig: Setting CVar [[r.Shadow.MaxCSMResolution:2048]]
[2024.11.18-14.55.30:458][  0]LogConfig: Setting CVar [[r.Shadow.RadiusThreshold:0.01]]
[2024.11.18-14.55.30:458][  0]LogConfig: Setting CVar [[r.Shadow.DistanceScale:1.0]]
[2024.11.18-14.55.30:458][  0]LogConfig: Setting CVar [[r.Shadow.CSM.TransitionScale:1.0]]
[2024.11.18-14.55.30:458][  0]LogConfig: Setting CVar [[r.Shadow.PreShadowResolutionFactor:1.0]]
[2024.11.18-14.55.30:458][  0]LogConfig: Setting CVar [[r.DistanceFieldShadowing:1]]
[2024.11.18-14.55.30:458][  0]LogConfig: Setting CVar [[r.DistanceFieldAO:1]]
[2024.11.18-14.55.30:458][  0]LogConfig: Setting CVar [[r.AOQuality:2]]
[2024.11.18-14.55.30:458][  0]LogConfig: Setting CVar [[r.VolumetricFog:1]]
[2024.11.18-14.55.30:458][  0]LogConfig: Setting CVar [[r.VolumetricFog.GridPixelSize:8]]
[2024.11.18-14.55.30:458][  0]LogConfig: Setting CVar [[r.VolumetricFog.GridSizeZ:128]]
[2024.11.18-14.55.30:458][  0]LogConfig: Setting CVar [[r.VolumetricFog.HistoryMissSupersampleCount:4]]
[2024.11.18-14.55.30:458][  0]LogConfig: Setting CVar [[r.LightMaxDrawDistanceScale:1]]
[2024.11.18-14.55.30:458][  0]LogConfig: Setting CVar [[r.CapsuleShadows:1]]
[2024.11.18-14.55.30:458][  0]LogConfig: Applying CVar settings from Section [PostProcessQuality@3] File [C:/Users/petru/Documents/GitHub/Cozfee/Cozfee/Saved/Config/Windows/Scalability.ini]
[2024.11.18-14.55.30:458][  0]LogConfig: Setting CVar [[r.MotionBlurQuality:4]]
[2024.11.18-14.55.30:458][  0]LogConfig: Setting CVar [[r.AmbientOcclusionMipLevelFactor:0.4]]
[2024.11.18-14.55.30:458][  0]LogConfig: Setting CVar [[r.AmbientOcclusionMaxQuality:100]]
[2024.11.18-14.55.30:458][  0]LogConfig: Setting CVar [[r.AmbientOcclusionLevels:-1]]
[2024.11.18-14.55.30:458][  0]LogConfig: Setting CVar [[r.AmbientOcclusionRadiusScale:1.0]]
[2024.11.18-14.55.30:458][  0]LogConfig: Setting CVar [[r.DepthOfFieldQuality:2]]
[2024.11.18-14.55.30:458][  0]LogConfig: Setting CVar [[r.RenderTargetPoolMin:400]]
[2024.11.18-14.55.30:458][  0]LogConfig: Setting CVar [[r.LensFlareQuality:2]]
[2024.11.18-14.55.30:458][  0]LogConfig: Setting CVar [[r.SceneColorFringeQuality:1]]
[2024.11.18-14.55.30:458][  0]LogConfig: Setting CVar [[r.EyeAdaptationQuality:2]]
[2024.11.18-14.55.30:458][  0]LogConfig: Setting CVar [[r.BloomQuality:5]]
[2024.11.18-14.55.30:458][  0]LogConfig: Setting CVar [[r.FastBlurThreshold:100]]
[2024.11.18-14.55.30:458][  0]LogConfig: Setting CVar [[r.Upscale.Quality:3]]
[2024.11.18-14.55.30:458][  0]LogConfig: Setting CVar [[r.Tonemapper.GrainQuantization:1]]
[2024.11.18-14.55.30:458][  0]LogConfig: Setting CVar [[r.LightShaftQuality:1]]
[2024.11.18-14.55.30:458][  0]LogConfig: Setting CVar [[r.Filter.SizeScale:1]]
[2024.11.18-14.55.30:459][  0]LogConfig: Setting CVar [[r.Tonemapper.Quality:5]]
[2024.11.18-14.55.30:459][  0]LogConfig: Setting CVar [[r.DOF.Gather.AccumulatorQuality:1        ; higher gathering accumulator quality]]
[2024.11.18-14.55.30:459][  0]LogConfig: Setting CVar [[r.DOF.Gather.PostfilterMethod:1          ; Median3x3 postfilering method]]
[2024.11.18-14.55.30:459][  0]LogConfig: Setting CVar [[r.DOF.Gather.EnableBokehSettings:0       ; no bokeh simulation when gathering]]
[2024.11.18-14.55.30:459][  0]LogConfig: Setting CVar [[r.DOF.Gather.RingCount:4                 ; medium number of samples when gathering]]
[2024.11.18-14.55.30:459][  0]LogConfig: Setting CVar [[r.DOF.Scatter.ForegroundCompositing:1    ; additive foreground scattering]]
[2024.11.18-14.55.30:459][  0]LogConfig: Setting CVar [[r.DOF.Scatter.BackgroundCompositing:2    ; additive background scattering]]
[2024.11.18-14.55.30:459][  0]LogConfig: Setting CVar [[r.DOF.Scatter.EnableBokehSettings:1      ; bokeh simulation when scattering]]
[2024.11.18-14.55.30:459][  0]LogConfig: Setting CVar [[r.DOF.Scatter.MaxSpriteRatio:0.1         ; only a maximum of 10% of scattered bokeh]]
[2024.11.18-14.55.30:459][  0]LogConfig: Setting CVar [[r.DOF.Recombine.Quality:1                ; cheap slight out of focus]]
[2024.11.18-14.55.30:459][  0]LogConfig: Setting CVar [[r.DOF.Recombine.EnableBokehSettings:0    ; no bokeh simulation on slight out of focus]]
[2024.11.18-14.55.30:459][  0]LogConfig: Setting CVar [[r.DOF.TemporalAAQuality:1                ; more stable temporal accumulation]]
[2024.11.18-14.55.30:459][  0]LogConfig: Setting CVar [[r.DOF.Kernel.MaxForegroundRadius:0.025]]
[2024.11.18-14.55.30:459][  0]LogConfig: Setting CVar [[r.DOF.Kernel.MaxBackgroundRadius:0.025]]
[2024.11.18-14.55.30:459][  0]LogConfig: Applying CVar settings from Section [TextureQuality@3] File [C:/Users/petru/Documents/GitHub/Cozfee/Cozfee/Saved/Config/Windows/Scalability.ini]
[2024.11.18-14.55.30:459][  0]LogConfig: Setting CVar [[r.Streaming.MipBias:0]]
[2024.11.18-14.55.30:459][  0]LogConfig: Setting CVar [[r.Streaming.AmortizeCPUToGPUCopy:0]]
[2024.11.18-14.55.30:459][  0]LogConfig: Setting CVar [[r.Streaming.MaxNumTexturesToStreamPerFrame:0]]
[2024.11.18-14.55.30:459][  0]LogConfig: Setting CVar [[r.Streaming.Boost:1]]
[2024.11.18-14.55.30:459][  0]LogConfig: Setting CVar [[r.MaxAnisotropy:8]]
[2024.11.18-14.55.30:459][  0]LogConfig: Setting CVar [[r.Streaming.LimitPoolSizeToVRAM:0]]
[2024.11.18-14.55.30:459][  0]LogConfig: Setting CVar [[r.Streaming.PoolSize:1000]]
[2024.11.18-14.55.30:459][  0]LogConfig: Setting CVar [[r.Streaming.MaxEffectiveScreenSize:0]]
[2024.11.18-14.55.30:459][  0]LogConfig: Applying CVar settings from Section [EffectsQuality@3] File [C:/Users/petru/Documents/GitHub/Cozfee/Cozfee/Saved/Config/Windows/Scalability.ini]
[2024.11.18-14.55.30:459][  0]LogConfig: Setting CVar [[r.TranslucencyLightingVolumeDim:64]]
[2024.11.18-14.55.30:459][  0]LogConfig: Setting CVar [[r.RefractionQuality:2]]
[2024.11.18-14.55.30:459][  0]LogConfig: Setting CVar [[r.SSR.Quality:3]]
[2024.11.18-14.55.30:459][  0]LogConfig: Setting CVar [[r.SceneColorFormat:4]]
[2024.11.18-14.55.30:459][  0]LogConfig: Setting CVar [[r.DetailMode:2]]
[2024.11.18-14.55.30:459][  0]LogConfig: Setting CVar [[r.TranslucencyVolumeBlur:1]]
[2024.11.18-14.55.30:459][  0]LogConfig: Setting CVar [[r.MaterialQualityLevel:1 ; High quality]]
[2024.11.18-14.55.30:459][  0]LogConfig: Setting CVar [[r.SSS.Scale:1]]
[2024.11.18-14.55.30:459][  0]LogConfig: Setting CVar [[r.SSS.SampleSet:2]]
[2024.11.18-14.55.30:459][  0]LogConfig: Setting CVar [[r.SSS.Quality:1]]
[2024.11.18-14.55.30:459][  0]LogConfig: Setting CVar [[r.SSS.HalfRes:1]]
[2024.11.18-14.55.30:459][  0]LogConfig: Setting CVar [[r.EmitterSpawnRateScale:1.0]]
[2024.11.18-14.55.30:459][  0]LogConfig: Setting CVar [[r.ParticleLightQuality:2]]
[2024.11.18-14.55.30:459][  0]LogConfig: Applying CVar settings from Section [FoliageQuality@3] File [C:/Users/petru/Documents/GitHub/Cozfee/Cozfee/Saved/Config/Windows/Scalability.ini]
[2024.11.18-14.55.30:459][  0]LogConfig: Setting CVar [[foliage.DensityScale:1.0]]
[2024.11.18-14.55.30:459][  0]LogConfig: Setting CVar [[grass.DensityScale:1.0]]
[2024.11.18-14.55.30:459][  0]LogConfig: Applying CVar settings from Section [Startup] File [../../../Engine/Config/ConsoleVariables.ini]
[2024.11.18-14.55.30:460][  0]LogConfig: Setting CVar [[net.UseAdaptiveNetUpdateFrequency:0]]
[2024.11.18-14.55.30:460][  0]LogConfig: Setting CVar [[p.chaos.AllowCreatePhysxBodies:1]]
[2024.11.18-14.55.30:460][  0]LogConfig: Applying CVar settings from Section [ConsoleVariables] File [C:/Users/petru/Documents/GitHub/Cozfee/Cozfee/Saved/Config/Windows/Engine.ini]
[2024.11.18-14.55.30:460][  0]LogInit: Computer: PETRUS-LAPTOP
[2024.11.18-14.55.30:460][  0]LogInit: User: petru
[2024.11.18-14.55.30:460][  0]LogInit: CPU Page size=4096, Cores=14
[2024.11.18-14.55.30:460][  0]LogInit: High frequency timer resolution =10.000000 MHz
[2024.11.18-14.55.30:460][  0]LogMemory: Memory total: Physical=15.7GB (16GB approx)
[2024.11.18-14.55.30:460][  0]LogMemory: Platform Memory Stats for Windows
[2024.11.18-14.55.30:460][  0]LogMemory: Process Physical Memory: 107.95 MB used, 107.95 MB peak
[2024.11.18-14.55.30:460][  0]LogMemory: Process Virtual Memory: 115.80 MB used, 115.80 MB peak
[2024.11.18-14.55.30:460][  0]LogMemory: Physical Memory: 11414.42 MB used,  4654.32 MB free, 16068.74 MB total
[2024.11.18-14.55.30:460][  0]LogMemory: Virtual Memory: 4745.01 MB used,  134212984.00 MB free, 134217728.00 MB total
[2024.11.18-14.55.30:465][  0]LogWindows: WindowsPlatformFeatures enabled
[2024.11.18-14.55.30:556][  0]LogInit: Using OS detected language (en-US).
[2024.11.18-14.55.30:556][  0]LogInit: Using OS detected locale (en-GB).
[2024.11.18-14.55.30:557][  0]LogTextLocalizationManager: No specific localization for 'en-US' exists, so the 'en' localization will be used.
[2024.11.18-14.55.30:814][  0]LogInit: Setting process to per monitor DPI aware
[2024.11.18-14.55.30:874][  0]LogSlate: New Slate User Created.  User Index 0, Is Virtual User: 0
[2024.11.18-14.55.30:874][  0]LogSlate: Slate User Registered.  User Index 0, Is Virtual User: 0
[2024.11.18-14.55.31:127][  0]LogHMD: Failed to initialize OpenVR with code 110
[2024.11.18-14.55.31:127][  0]LogD3D11RHI: D3D11 adapters:
[2024.11.18-14.55.31:312][  0]LogD3D11RHI:    0. 'NVIDIA GeForce RTX 3050 Laptop GPU' (Feature Level 11_0)
[2024.11.18-14.55.31:312][  0]LogD3D11RHI:       3965/0/8034 MB DedicatedVideo/DedicatedSystem/SharedSystem, Outputs:1, VendorId:0x10de
[2024.11.18-14.55.31:367][  0]LogD3D11RHI:    1. 'Intel(R) Iris(R) Xe Graphics' (Feature Level 11_0)
[2024.11.18-14.55.31:367][  0]LogD3D11RHI:       128/0/8034 MB DedicatedVideo/DedicatedSystem/SharedSystem, Outputs:0, VendorId:0x8086
[2024.11.18-14.55.31:374][  0]LogD3D11RHI:    2. 'Microsoft Basic Render Driver' (Feature Level 11_0)
[2024.11.18-14.55.31:374][  0]LogD3D11RHI:       0/0/8034 MB DedicatedVideo/DedicatedSystem/SharedSystem, Outputs:0, VendorId:0x1414
[2024.11.18-14.55.31:374][  0]LogD3D11RHI: Chosen D3D11 Adapter: 0
[2024.11.18-14.55.31:387][  0]LogD3D11RHI: Creating new Direct3DDevice
[2024.11.18-14.55.31:387][  0]LogD3D11RHI:     GPU DeviceId: 0x25a2 (for the marketing name, search the web for "GPU Device Id")
[2024.11.18-14.55.31:387][  0]LogWindows: EnumDisplayDevices:
[2024.11.18-14.55.31:388][  0]LogWindows:    0. 'Intel(R) Iris(R) Xe Graphics' (P:1 D:1)
[2024.11.18-14.55.31:388][  0]LogWindows:    1. 'Intel(R) Iris(R) Xe Graphics' (P:0 D:0)
[2024.11.18-14.55.31:389][  0]LogWindows:    2. 'Intel(R) Iris(R) Xe Graphics' (P:0 D:0)
[2024.11.18-14.55.31:389][  0]LogWindows:    3. 'Intel(R) Iris(R) Xe Graphics' (P:0 D:0)
[2024.11.18-14.55.31:390][  0]LogWindows: DebugString: PrimaryIsNotTheChoosenAdapter PrimaryIsNotTheChoosenAdapter PrimaryIsNotTheChoosenAdapter PrimaryIsNotTheChoosenAdapter FoundDriverCount:0 
[2024.11.18-14.55.31:390][  0]LogD3D11RHI:     Adapter Name: NVIDIA GeForce RTX 3050 Laptop GPU
[2024.11.18-14.55.31:390][  0]LogD3D11RHI:   Driver Version: Unknown (internal:Unknown, unified:Unknown)
[2024.11.18-14.55.31:390][  0]LogD3D11RHI:      Driver Date: Unknown
[2024.11.18-14.55.31:390][  0]LogRHI: Texture pool is 2775 MB (70% of 3965 MB)
[2024.11.18-14.55.31:517][  0]LogD3D11RHI: Async texture creation enabled
[2024.11.18-14.55.31:529][  0]LogD3D11RHI: GPU Timing Frequency: 1000.000000 (Debug: 2 1)
[2024.11.18-14.55.32:135][  0]LogTemp: Display: Module 'AllDesktopTargetPlatform' loaded TargetPlatform 'AllDesktop'
[2024.11.18-14.55.32:148][  0]LogTemp: Display: Module 'MacClientTargetPlatform' loaded TargetPlatform 'MacClient'
[2024.11.18-14.55.32:162][  0]LogTemp: Display: Module 'MacNoEditorTargetPlatform' loaded TargetPlatform 'MacNoEditor'
[2024.11.18-14.55.32:178][  0]LogTemp: Display: Module 'MacServerTargetPlatform' loaded TargetPlatform 'MacServer'
[2024.11.18-14.55.32:195][  0]LogTemp: Display: Module 'MacTargetPlatform' loaded TargetPlatform 'Mac'
[2024.11.18-14.55.32:208][  0]LogTemp: Display: Module 'WindowsClientTargetPlatform' loaded TargetPlatform 'WindowsClient'
[2024.11.18-14.55.32:221][  0]LogTemp: Display: Module 'WindowsNoEditorTargetPlatform' loaded TargetPlatform 'WindowsNoEditor'
[2024.11.18-14.55.32:235][  0]LogTemp: Display: Module 'WindowsServerTargetPlatform' loaded TargetPlatform 'WindowsServer'
[2024.11.18-14.55.32:242][  0]LogTemp: Display: Module 'WindowsTargetPlatform' loaded TargetPlatform 'Windows'
[2024.11.18-14.55.32:290][  0]LogTemp: Display: Module 'AndroidTargetPlatform' loaded TargetPlatform 'Android'
[2024.11.18-14.55.32:290][  0]LogTemp: Display: Module 'AndroidTargetPlatform' loaded TargetPlatform 'Android_ASTC'
[2024.11.18-14.55.32:290][  0]LogTemp: Display: Module 'AndroidTargetPlatform' loaded TargetPlatform 'Android_ATC'
[2024.11.18-14.55.32:290][  0]LogTemp: Display: Module 'AndroidTargetPlatform' loaded TargetPlatform 'Android_DXT'
[2024.11.18-14.55.32:290][  0]LogTemp: Display: Module 'AndroidTargetPlatform' loaded TargetPlatform 'Android_ETC1'
[2024.11.18-14.55.32:290][  0]LogTemp: Display: Module 'AndroidTargetPlatform' loaded TargetPlatform 'Android_ETC1a'
[2024.11.18-14.55.32:290][  0]LogTemp: Display: Module 'AndroidTargetPlatform' loaded TargetPlatform 'Android_ETC2'
[2024.11.18-14.55.32:290][  0]LogTemp: Display: Module 'AndroidTargetPlatform' loaded TargetPlatform 'Android_PVRTC'
[2024.11.18-14.55.32:290][  0]LogTemp: Display: Module 'AndroidTargetPlatform' loaded TargetPlatform 'AndroidClient'
[2024.11.18-14.55.32:290][  0]LogTemp: Display: Module 'AndroidTargetPlatform' loaded TargetPlatform 'Android_ASTCClient'
[2024.11.18-14.55.32:290][  0]LogTemp: Display: Module 'AndroidTargetPlatform' loaded TargetPlatform 'Android_ATCClient'
[2024.11.18-14.55.32:290][  0]LogTemp: Display: Module 'AndroidTargetPlatform' loaded TargetPlatform 'Android_DXTClient'
[2024.11.18-14.55.32:290][  0]LogTemp: Display: Module 'AndroidTargetPlatform' loaded TargetPlatform 'Android_ETC1Client'
[2024.11.18-14.55.32:290][  0]LogTemp: Display: Module 'AndroidTargetPlatform' loaded TargetPlatform 'Android_ETC1aClient'
[2024.11.18-14.55.32:290][  0]LogTemp: Display: Module 'AndroidTargetPlatform' loaded TargetPlatform 'Android_ETC2Client'
[2024.11.18-14.55.32:290][  0]LogTemp: Display: Module 'AndroidTargetPlatform' loaded TargetPlatform 'Android_PVRTCClient'
[2024.11.18-14.55.32:290][  0]LogTemp: Display: Module 'AndroidTargetPlatform' loaded TargetPlatform 'Android_Multi'
[2024.11.18-14.55.32:290][  0]LogTemp: Display: Module 'AndroidTargetPlatform' loaded TargetPlatform 'Android_MultiClient'
[2024.11.18-14.55.32:294][  0]LogTemp: Display: Module 'HTML5TargetPlatform' loaded TargetPlatform 'HTML5'
[2024.11.18-14.55.32:326][  0]LogTemp: Display: Module 'IOSTargetPlatform' loaded TargetPlatform 'IOSClient'
[2024.11.18-14.55.32:326][  0]LogTemp: Display: Module 'IOSTargetPlatform' loaded TargetPlatform 'IOS'
[2024.11.18-14.55.32:348][  0]LogTemp: Display: Module 'TVOSTargetPlatform' loaded TargetPlatform 'TVOSClient'
[2024.11.18-14.55.32:348][  0]LogTemp: Display: Module 'TVOSTargetPlatform' loaded TargetPlatform 'TVOS'
[2024.11.18-14.55.32:359][  0]LogTemp: Display: Module 'LinuxClientTargetPlatform' loaded TargetPlatform 'LinuxClient'
[2024.11.18-14.55.32:371][  0]LogTemp: Display: Module 'LinuxNoEditorTargetPlatform' loaded TargetPlatform 'LinuxNoEditor'
[2024.11.18-14.55.32:383][  0]LogTemp: Display: Module 'LinuxServerTargetPlatform' loaded TargetPlatform 'LinuxServer'
[2024.11.18-14.55.32:396][  0]LogTemp: Display: Module 'LinuxTargetPlatform' loaded TargetPlatform 'Linux'
[2024.11.18-14.55.32:433][  0]LogTemp: Display: Module 'LuminTargetPlatform' loaded TargetPlatform 'Lumin'
[2024.11.18-14.55.32:433][  0]LogTemp: Display: Module 'LuminTargetPlatform' loaded TargetPlatform 'LuminClient'
[2024.11.18-14.55.32:433][  0]LogTargetPlatformManager: Display: Building Assets For Windows
[2024.11.18-14.55.32:450][  0]LogAudioDebug: Display: Lib vorbis DLL was dynamically loaded.
[2024.11.18-14.55.32:534][  0]LogShaderCompilers: Guid format shader working directory is -15 characters bigger than the processId version (../../../../../../Users/petru/Documents/GitHub/Cozfee/Cozfee/Intermediate/Shaders/WorkingDirectory/24604/).
[2024.11.18-14.55.32:535][  0]LogShaderCompilers: Cleaned the shader compiler working directory 'C:/Users/petru/AppData/Local/Temp/UnrealShaderWorkingDir/C430172D4AD97B5B7CA1E7BFEB914786/'.
[2024.11.18-14.55.32:538][  0]LogXGEController: Cannot use XGE Controller as Incredibuild is not installed on this machine.
[2024.11.18-14.55.32:538][  0]LogShaderCompilers: Cannot use XGE Shader Compiler as Incredibuild is not installed on this machine.
[2024.11.18-14.55.32:538][  0]LogShaderCompilers: Display: Using Local Shader Compiler.
[2024.11.18-14.55.33:384][  0]LogDerivedDataCache: Display: Max Cache Size: 512 MB
[2024.11.18-14.55.33:457][  0]LogDerivedDataCache: Loaded boot cache 0.07s 73MB C:/Users/petru/AppData/Local/UnrealEngine/4.23/DerivedDataCache/Boot.ddc.
[2024.11.18-14.55.33:457][  0]LogDerivedDataCache: Display: Loaded Boot cache: C:/Users/petru/AppData/Local/UnrealEngine/4.23/DerivedDataCache/Boot.ddc
[2024.11.18-14.55.33:457][  0]LogDerivedDataCache: FDerivedDataBackendGraph:  Pak pak cache file ../../../../../../Users/petru/Documents/GitHub/Cozfee/Cozfee/DerivedDataCache/DDC.ddp not found, will not use a pak cache.
[2024.11.18-14.55.33:457][  0]LogDerivedDataCache: Unable to find inner node Pak for hierarchical cache Hierarchy.
[2024.11.18-14.55.33:457][  0]LogDerivedDataCache: FDerivedDataBackendGraph:  CompressedPak pak cache file ../../../../../../Users/petru/Documents/GitHub/Cozfee/Cozfee/DerivedDataCache/Compressed.ddp not found, will not use a pak cache.
[2024.11.18-14.55.33:457][  0]LogDerivedDataCache: Unable to find inner node CompressedPak for hierarchical cache Hierarchy.
[2024.11.18-14.55.33:476][  0]LogDerivedDataCache: Display: Pak cache opened for reading ../../../Engine/DerivedDataCache/Compressed.ddp.
[2024.11.18-14.55.33:476][  0]LogDerivedDataCache: FDerivedDataBackendGraph:  EnterprisePak pak cache file ../../../Enterprise/DerivedDataCache/Compressed.ddp not found, will not use a pak cache.
[2024.11.18-14.55.33:476][  0]LogDerivedDataCache: Unable to find inner node EnterprisePak for hierarchical cache Hierarchy.
[2024.11.18-14.55.33:479][  0]LogDerivedDataCache: Using Local data cache path C:/Users/petru/AppData/Local/UnrealEngine/Common/DerivedDataCache: Writable
[2024.11.18-14.55.33:479][  0]LogDerivedDataCache: Shared data cache path not found in *engine.ini, will not use an Shared cache.
[2024.11.18-14.55.33:479][  0]LogDerivedDataCache: Unable to find inner node Shared for hierarchical cache Hierarchy.
[2024.11.18-14.55.33:507][  0]LogMaterial: Verifying Global Shaders for PCD3D_SM5
[2024.11.18-14.55.33:511][  0]LogSlate: Using FreeType 2.6.0
[2024.11.18-14.55.33:512][  0]LogSlate: SlateFontServices - WITH_FREETYPE: 1, WITH_HARFBUZZ: 1
[2024.11.18-14.55.33:637][  0]LogAssetRegistry: FAssetRegistry took 0.0039 seconds to start up
[2024.11.18-14.55.34:035][  0]LogInit: Selected Device Profile: [Windows]
[2024.11.18-14.55.34:136][  0]LogMeshReduction: Using QuadricMeshReduction for automatic static mesh reduction
[2024.11.18-14.55.34:136][  0]LogMeshReduction: Using SimplygonMeshReduction for automatic skeletal mesh reduction
[2024.11.18-14.55.34:136][  0]LogMeshReduction: Using ProxyLODMeshReduction for automatic mesh merging
[2024.11.18-14.55.34:136][  0]LogMeshReduction: No distributed automatic mesh merging module available
[2024.11.18-14.55.34:136][  0]LogMeshMerging: No distributed automatic mesh merging module available
[2024.11.18-14.55.34:295][  0]LogNetVersion: Cozfee 1.0.0, NetCL: 8386587, EngineNetVer: 11, GameNetVer: 0 (Checksum: 941681610)
[2024.11.18-14.55.34:989][  0]LogPackageLocalizationCache: Processed 12 localized package path(s) for 1 prioritized culture(s) in 0.092827 seconds
[2024.11.18-14.55.34:998][  0]LogUObjectArray: 43444 objects as part of root set at end of initial load.
[2024.11.18-14.55.34:998][  0]LogUObjectAllocator: 7548648 out of 0 bytes used by permanent object pool.
[2024.11.18-14.55.34:998][  0]LogUObjectArray: CloseDisregardForGC: 0/0 objects in disregard for GC pool
[2024.11.18-14.55.36:725][  0]LogTcpMessaging: Initializing TcpMessaging bridge
[2024.11.18-14.55.36:889][  0]LogUdpMessaging: Initializing bridge on interface 0.0.0.0:0 to multicast group 230.0.0.1:6666.
[2024.11.18-14.55.36:990][  0]SourceControl: Source control is disabled
[2024.11.18-14.55.36:990][  0]SourceControl: Source control is disabled
[2024.11.18-14.55.36:993][  0]SourceControl: Source control is disabled
[2024.11.18-14.55.36:996][  0]SourceControl: Source control is disabled
[2024.11.18-14.55.37:187][  0]LogAndroidPermission: UAndroidPermissionCallbackProxy::GetInstance
[2024.11.18-14.55.37:444][  0]LogOcInput: OculusInput pre-init called
[2024.11.18-14.55.37:459][  0]LogWindows: Failed to load 'OVRPlugin.dll' (GetLastError=126)
[2024.11.18-14.55.37:459][  0]LogWindows: File 'OVRPlugin.dll' does not exist
[2024.11.18-14.55.37:560][  0]LogEngine: Initializing Engine...
[2024.11.18-14.55.37:561][  0]LogHMD: Failed to initialize OpenVR with code 110
[2024.11.18-14.55.37:563][  0]LogStats: UGameplayTagsManager::InitializeManager -  0.000 s
[2024.11.18-14.55.37:896][  0]LogInit: Initializing FReadOnlyCVARCache
[2024.11.18-14.55.37:924][  0]LogAIModule: Creating AISystem for world Untitled
[2024.11.18-14.55.38:064][  0]LogInit: XAudio2 using 'Speakers (Realtek(R) Audio)' : 2 channels at 48 kHz using 32 bits per sample (channel mask 0x3)
[2024.11.18-14.55.40:046][  0]LogInit: FAudioDevice initialized.
[2024.11.18-14.55.40:046][  0]LogNetVersion: Set ProjectVersion to 1.0.0.0. Version Checksum will be recalculated on next use.
[2024.11.18-14.55.40:186][  0]LogDerivedDataCache: Saved boot cache 0.14s 73MB C:/Users/petru/AppData/Local/UnrealEngine/4.23/DerivedDataCache/Boot.ddc.
[2024.11.18-14.55.40:192][  0]LogInit: Texture streaming: Enabled
[2024.11.18-14.55.40:231][  0]LogEngineSessionManager: EngineSessionManager initialized
[2024.11.18-14.55.40:231][  0]LogEditorSessionSummary: Verbose: Initializing EditorSessionSummaryWriter for editor session tracking
[2024.11.18-14.55.40:245][  0]LogEditorSessionSummary: EditorSessionSummaryWriter initialized
[2024.11.18-14.55.40:320][  0]LogInit: Transaction tracking system initialized
[2024.11.18-14.55.40:383][  0]BlueprintLog: New page: Editor Load
[2024.11.18-14.55.40:683][  0]LocalizationService: Localization service is disabled
[2024.11.18-14.55.42:029][  0]LogFileCache: Scanning file cache for directory 'C:/Users/petru/Documents/GitHub/Cozfee/Cozfee/Content/' took 0.00s
[2024.11.18-14.55.42:029][  0]LogCook: Display: Max memory allowance for cook 16384mb min free memory 0mb
[2024.11.18-14.55.42:030][  0]LogCook: Display: Mobile HDR setting 1
[2024.11.18-14.55.42:403][  0]SourceControl: Source control is disabled
[2024.11.18-14.55.42:403][  0]Cmd: MAP LOAD FILE="../../../Engine/Content/Maps/Templates/Template_Default.umap" TEMPLATE=1 SHOWPROGRESS=1 FEATURELEVEL=3
[2024.11.18-14.55.42:403][  0]LightingResults: New page: Lighting Build
[2024.11.18-14.55.42:407][  0]LogWorld: UWorld::CleanupWorld for Untitled, bSessionEnded=true, bCleanupResources=true
[2024.11.18-14.55.42:408][  0]MapCheck: New page: Map Check
[2024.11.18-14.55.42:408][  0]LightingResults: New page: Lighting Build
[2024.11.18-14.55.42:482][  0]LogUObjectHash: Compacting FUObjectHashTables data took   2.30ms
[2024.11.18-14.55.42:627][  0]LogAIModule: Creating AISystem for world Untitled_1
[2024.11.18-14.55.42:643][  0]LogEditorServer: Finished looking for orphan Actors (0.000 secs)
[2024.11.18-14.55.42:727][  0]LogUObjectHash: Compacting FUObjectHashTables data took   2.63ms
[2024.11.18-14.55.42:727][  0]Cmd: MAP CHECKDEP NOCLEARLOG
[2024.11.18-14.55.42:727][  0]MapCheck: Map check complete: 0 Error(s), 0 Warning(s), took 0.346ms to complete.
[2024.11.18-14.55.42:727][  0]LogFileHelpers: Loading map 'Template_Default' took 0.324
[2024.11.18-14.55.43:187][  0]LogSlate: Updating window title bar state: overlay mode, drag disabled, window buttons hidden, title bar hidden
[2024.11.18-14.55.43:232][  0]LogSlate: Updating window title bar state: overlay mode, drag disabled, window buttons hidden, title bar hidden
[2024.11.18-14.55.43:251][  0]LogSlate: Updating window title bar state: overlay mode, drag disabled, window buttons hidden, title bar hidden
[2024.11.18-14.55.43:268][  0]LogSlate: Updating window title bar state: overlay mode, drag disabled, window buttons hidden, title bar hidden
[2024.11.18-14.55.43:298][  0]LogCollectionManager: Loaded 0 collections in 0.002470 seconds
[2024.11.18-14.55.43:332][  0]LogFileCache: Scanning file cache for directory 'C:/Users/petru/Documents/GitHub/Cozfee/Cozfee/Saved/Collections/' took 0.00s
[2024.11.18-14.55.43:332][  0]LogFileCache: Scanning file cache for directory 'C:/Users/petru/Documents/GitHub/Cozfee/Cozfee/Content/Developers/petru/Collections/' took 0.00s
[2024.11.18-14.55.43:332][  0]LogFileCache: Scanning file cache for directory 'C:/Users/petru/Documents/GitHub/Cozfee/Cozfee/Content/Collections/' took 0.00s
[2024.11.18-14.55.43:332][  0]LogCollectionManager: Rebuilt the GUID cache for 0 collections in 0.000005 seconds
[2024.11.18-14.55.43:375][  0]LogContentBrowser: Native class hierarchy populated in 0.0364 seconds. Added 2864 classes and 682 folders.
[2024.11.18-14.55.43:406][  0]LogContentBrowser: Native class hierarchy updated for 'WidgetCarousel' in 0.0008 seconds. Added 0 classes and 0 folders.
[2024.11.18-14.55.44:116][  0]LogContentBrowser: Native class hierarchy updated for 'AddContentDialog' in 0.0008 seconds. Added 0 classes and 0 folders.
[2024.11.18-14.55.44:138][  0]LogContentBrowser: Native class hierarchy updated for 'SceneOutliner' in 0.0006 seconds. Added 1 classes and 2 folders.
[2024.11.18-14.55.44:303][  0]LogSlate: Took 0.000391 seconds to synchronously load lazily loaded font '../../../Engine/Content/Slate/Fonts/Roboto-Regular.ttf' (155K)
[2024.11.18-14.55.44:306][  0]LogSlate: Took 0.000577 seconds to synchronously load lazily loaded font '../../../Engine/Content/Slate/Fonts/Roboto-Bold.ttf' (160K)
[2024.11.18-14.55.44:336][  0]LogSlate: Took 0.010838 seconds to synchronously load lazily loaded font '../../../Engine/Content/Editor/Slate/Fonts/FontAwesome.ttf' (139K)
[2024.11.18-14.55.44:569][  0]LogRenderer: Reallocating scene render targets to support 964x492 Format 10 NumSamples 1 (Frame:1).
[2024.11.18-14.55.44:928][  0]LogContentBrowser: Native class hierarchy updated for 'HierarchicalLODOutliner' in 0.0007 seconds. Added 0 classes and 0 folders.
[2024.11.18-14.55.44:928][  0]LogLoad: (Engine Initialization) Total time: 16.73 seconds
[2024.11.18-14.55.44:928][  0]LogLoad: (Engine Initialization) Total Blueprint compile time: 0.00 seconds
[2024.11.18-14.55.45:008][  0]LogContentStreaming: Texture pool size now 1000 MB
[2024.11.18-14.55.47:239][119]LogAssetRegistry: Asset discovery search completed in 13.6045 seconds
[2024.11.18-14.55.47:245][119]LogCollectionManager: Rebuilt the object cache for 0 collections in 0.000011 seconds (found 0 objects)
[2024.11.18-14.55.47:245][119]LogCollectionManager: Fixed up redirectors for 0 collections in 0.000116 seconds (updated 0 objects)
[2024.11.18-14.56.10:843][331]LogSlate: FSceneViewport::OnFocusLost() reason 0
[2024.11.18-14.56.10:843][331]LogTemp: Repeating last play command: Selected Viewport
[2024.11.18-14.56.10:861][331]LogBlueprintUserMessages: Early PlayInEditor Detection: Level '/Temp/Untitled_1.Untitled_1:PersistentLevel' has LevelScriptBlueprint '/Temp/Untitled_1.Untitled_1:PersistentLevel.Untitled' with GeneratedClass '/Temp/Untitled_1.Untitled_C' with ClassGeneratedBy '/Temp/Untitled_1.Untitled_1:PersistentLevel.Untitled'
[2024.11.18-14.56.10:862][331]LogPlayLevel: PlayLevel: No blueprints needed recompiling
[2024.11.18-14.56.10:869][331]PIE: New page: PIE session: Untitled_1 (18 Nov 2024 14:56:10)
[2024.11.18-14.56.10:871][331]LogOnline: OSS: Creating online subsystem instance for: NULL
[2024.11.18-14.56.10:875][331]LogPlayLevel: Creating play world package: /Temp/UEDPIE_0_Untitled_1
[2024.11.18-14.56.10:879][331]LogPlayLevel: PIE: StaticDuplicateObject took: (0.004599s)
[2024.11.18-14.56.10:881][331]LogAIModule: Creating AISystem for world Untitled_1
[2024.11.18-14.56.10:883][331]LogPlayLevel: PIE: World Init took: (0.003897s)
[2024.11.18-14.56.10:883][331]LogPlayLevel: PIE: Created PIE world by copying editor world from /Temp/Untitled_1.Untitled_1 to /Temp/UEDPIE_0_Untitled_1.Untitled_1 (0.008922s)
[2024.11.18-14.56.10:937][331]LogUObjectHash: Compacting FUObjectHashTables data took   1.75ms
[2024.11.18-14.56.10:950][331]LogInit: XAudio2 using 'Speakers (Realtek(R) Audio)' : 2 channels at 48 kHz using 32 bits per sample (channel mask 0x3)
[2024.11.18-14.56.11:555][331]LogInit: FAudioDevice initialized.
[2024.11.18-14.56.11:580][331]LogLoad: Game class is 'GameModeBase'
[2024.11.18-14.56.11:596][331]LogWorld: Bringing World /Temp/UEDPIE_0_Untitled_1.Untitled_1 up for play (max tick rate 60) at 2024.11.18-14.56.11
[2024.11.18-14.56.11:600][331]LogWorld: Bringing up level for play took: 0.005760
[2024.11.18-14.56.11:602][331]LogOnline: OSS: Creating online subsystem instance for: :Context_1
[2024.11.18-14.56.11:667][331]LogContentBrowser: Native class hierarchy updated for 'MovieSceneCapture' in 0.0015 seconds. Added 20 classes and 0 folders.
[2024.11.18-14.56.11:689][331]PIE: Play in editor start time for /Temp/UEDPIE_0_Untitled_1 1.682
[2024.11.18-14.56.11:690][331]LogBlueprintUserMessages: Late PlayInEditor Detection: Level '/Temp/Untitled_1.Untitled_1:PersistentLevel' has LevelScriptBlueprint '/Temp/Untitled_1.Untitled_1:PersistentLevel.Untitled' with GeneratedClass '/Temp/Untitled_1.Untitled_C' with ClassGeneratedBy '/Temp/Untitled_1.Untitled_1:PersistentLevel.Untitled'
[2024.11.18-14.56.20:175][832]LogBlueprintUserMessages: Early EndPlayMap Detection: Level '/Temp/Untitled_1.Untitled_1:PersistentLevel' has LevelScriptBlueprint '/Temp/Untitled_1.Untitled_1:PersistentLevel.Untitled' with GeneratedClass '/Temp/Untitled_1.Untitled_C' with ClassGeneratedBy '/Temp/Untitled_1.Untitled_1:PersistentLevel.Untitled'
[2024.11.18-14.56.20:178][832]LogSlate: Updating window title bar state: overlay mode, drag disabled, window buttons hidden, title bar hidden
[2024.11.18-14.56.20:178][832]LogWorld: BeginTearingDown for /Temp/UEDPIE_0_Untitled_1
[2024.11.18-14.56.20:178][832]LogWorld: UWorld::CleanupWorld for Untitled_1, bSessionEnded=true, bCleanupResources=true
[2024.11.18-14.56.20:190][832]LogPlayLevel: Display: Shutting down PIE online subsystems
[2024.11.18-14.56.20:190][832]LogBlueprintUserMessages: Late EndPlayMap Detection: Level '/Temp/Untitled_1.Untitled_1:PersistentLevel' has LevelScriptBlueprint '/Temp/Untitled_1.Untitled_1:PersistentLevel.Untitled' with GeneratedClass '/Temp/Untitled_1.Untitled_C' with ClassGeneratedBy '/Temp/Untitled_1.Untitled_1:PersistentLevel.Untitled'
[2024.11.18-14.56.20:268][832]LogSlate: Updating window title bar state: overlay mode, drag disabled, window buttons hidden, title bar hidden
[2024.11.18-14.56.20:273][832]LogUObjectHash: Compacting FUObjectHashTables data took   2.14ms
[2024.11.18-14.56.20:296][833]LogPlayLevel: Display: Destroying online subsystem :Context_1
[2024.11.18-14.56.21:403][898]LogSlate: FSceneViewport::OnFocusLost() reason 0
[2024.11.18-14.56.30:001][361]LogSlate: FSceneViewport::OnFocusLost() reason 0
[2024.11.18-14.56.33:549][544]LogSlate: FSceneViewport::OnFocusLost() reason 0
[2024.11.18-14.56.40:596][930]LogEditorViewport: Clicking on Actor (LMB): StaticMeshActor (Floor)
[2024.11.18-14.56.40:655][930]LogEditorViewport: Clicking on Component (LMB): StaticMeshComponent (StaticMeshComponent0)
[2024.11.18-14.56.41:389][969]LogEditorViewport: Clicking on Component (LMB): StaticMeshComponent (StaticMeshComponent0)
[2024.11.18-14.56.41:410][969]LogEditorViewport: Clicking on Actor (double click): StaticMeshActor (Floor)
[2024.11.18-14.56.42:112][  9]LogEditorViewport: Clicking on Actor (LMB): StaticMeshActor (Floor)
[2024.11.18-14.56.44:806][151]LogSlate: FSceneViewport::OnFocusLost() reason 0
[2024.11.18-14.56.45:795][204]Cmd: DELETE
[2024.11.18-14.56.45:795][204]Cmd: ACTOR DELETE
[2024.11.18-14.56.45:827][204]LogEditorActor: Deleted Actor: Character
[2024.11.18-14.56.45:905][204]LogUObjectHash: Compacting FUObjectHashTables data took   2.94ms
[2024.11.18-14.56.45:906][204]LogEditorActor: Deleted 1 Actors (0.092 secs)
[2024.11.18-14.57.53:307][997]LogSlate: Took 0.000601 seconds to synchronously load lazily loaded font '../../../Engine/Content/Slate/Fonts/Roboto-Light.ttf' (167K)
[2024.11.18-14.57.53:436][997]LogSlate: Took 0.004298 seconds to synchronously load lazily loaded font '../../../Engine/Content/Slate/Fonts/Roboto-BoldCondensed.ttf' (158K)
[2024.11.18-14.58.00:813][299]Candidate modules for hot reload:
[2024.11.18-14.58.00:813][299]  Cozfee
[2024.11.18-14.58.00:814][299]Launching UnrealBuildTool... [C:/Program Files/Epic Games/UE_4.23/Engine/Binaries/DotNET/UnrealBuildTool.exe  -ModuleWithSuffix=Cozfee,9552 Win64 Development -TargetType=Editor -Project="C:/Users/petru/Documents/GitHub/Cozfee/Cozfee/Cozfee.uproject" "C:/Users/petru/Documents/GitHub/Cozfee/Cozfee/Cozfee.uproject"  -IgnoreJunk]
[2024.11.18-14.58.21:297][299]CompilerResultsLog: New page: Compilation - 18 Nov 2024 14:58:21
[2024.11.18-14.58.21:298][299]CompilerResultsLog: Using 'git status' to determine working set for adaptive non-unity build (C:\Users\petru\Documents\GitHub\Cozfee).
[2024.11.18-14.58.21:298][299]CompilerResultsLog: Creating makefile for CozfeeEditor (.uproject file is newer)
[2024.11.18-14.58.21:298][299]CompilerResultsLog: Parsing headers for CozfeeEditor
[2024.11.18-14.58.21:298][299]CompilerResultsLog:   Running UnrealHeaderTool "C:\Users\petru\Documents\GitHub\Cozfee\Cozfee\Cozfee.uproject" "C:\Users\petru\Documents\GitHub\Cozfee\Cozfee\Intermediate\Build\Win64\CozfeeEditor\Development\CozfeeEditor.uhtmanifest" -LogCmds="loginit warning, logexit warning, logdatabase error" -Unattended -WarningsAsErrors -installed
[2024.11.18-14.58.21:298][299]CompilerResultsLog: Reflection code generated for CozfeeEditor in 11.8420307 seconds
[2024.11.18-14.58.21:298][299]CompilerResultsLog: Using Visual Studio 2017 14.16.27023 toolchain (C:\Program Files (x86)\Microsoft Visual Studio\2017\Community\VC\Tools\MSVC\14.16.27023) and Windows 10.0.22621.0 SDK (C:\Program Files (x86)\Windows Kits\10).
[2024.11.18-14.58.21:299][299]CompilerResultsLog: Building 9 actions with 20 processes...
[2024.11.18-14.58.21:299][299]CompilerResultsLog:   [1/9] Cozfee.init.gen.cpp
[2024.11.18-14.58.21:299][299]CompilerResultsLog:   [2/9] Cozfee.cpp
[2024.11.18-14.58.21:299][299]CompilerResultsLog:   [3/9] CozfeeGameModeBase.cpp
[2024.11.18-14.58.21:299][299]CompilerResultsLog:   [4/9] CozfeeGameModeBase.gen.cpp
[2024.11.18-14.58.21:299][299]CompilerResultsLog:   [5/9] MyCharacter.cpp
[2024.11.18-14.58.21:299][299]CompilerResultsLog:   [6/9] MyCharacter.gen.cpp
[2024.11.18-14.58.21:299][299]CompilerResultsLog:   [7/9] UE4Editor-Cozfee-9552.lib
[2024.11.18-14.58.21:299][299]CompilerResultsLog:      Creating library C:\Users\petru\Documents\GitHub\Cozfee\Cozfee\Intermediate\Build\Win64\UE4Editor\Development\Cozfee\UE4Editor-Cozfee-9552.lib and object C:\Users\petru\Documents\GitHub\Cozfee\Cozfee\Intermediate\Build\Win64\UE4Editor\Development\Cozfee\UE4Editor-Cozfee-9552.exp
[2024.11.18-14.58.21:299][299]CompilerResultsLog:   [8/9] UE4Editor-Cozfee-9552.dll
[2024.11.18-14.58.21:299][299]CompilerResultsLog:      Creating library C:\Users\petru\Documents\GitHub\Cozfee\Cozfee\Intermediate\Build\Win64\UE4Editor\Development\Cozfee\UE4Editor-Cozfee-9552.suppressed.lib and object C:\Users\petru\Documents\GitHub\Cozfee\Cozfee\Intermediate\Build\Win64\UE4Editor\Development\Cozfee\UE4Editor-Cozfee-9552.suppressed.exp
[2024.11.18-14.58.21:299][299]CompilerResultsLog:   [9/9] CozfeeEditor.target
[2024.11.18-14.58.21:299][299]CompilerResultsLog: Total time in Parallel executor: 4.96 seconds
[2024.11.18-14.58.21:299][299]CompilerResultsLog: Total execution time: 20.32 seconds
[2024.11.18-14.58.21:299][299]LogMainFrame: MainFrame: Module compiling took 20.497 seconds
[2024.11.18-14.58.21:396][299]LogUObjectHash: Compacting FUObjectHashTables data took   1.23ms
[2024.11.18-14.58.21:404][299]LogClass: Could not find existing class MyCharacter in package /Script/Cozfee for HotReload, assuming new class
[2024.11.18-14.58.21:407][299]LogContentBrowser: Native class hierarchy updated for 'Cozfee' in 0.0008 seconds. Added 2 classes and 2 folders.
[2024.11.18-14.58.21:410][299]Display: HotReload successful (0 functions remapped  0 scriptstructs remapped)
[2024.11.18-14.58.21:539][299]LogUObjectHash: Compacting FUObjectHashTables data took   1.57ms
[2024.11.18-14.58.21:556][299]LogContentBrowser: Native class hierarchy populated in 0.0107 seconds. Added 2866 classes and 684 folders.
[2024.11.18-14.58.21:559][299]Display: HotReload took 20.8s.
[2024.11.18-14.58.21:562][299]Warning: HotReload operation took 20.8s.
[2024.11.18-14.58.23:717][299]LogSlate: Window 'Add C++ Class' being destroyed
[2024.11.18-14.58.23:743][299]LogHotReload: New module detected: UE4Editor-Cozfee-9552.dll
[2024.11.18-14.58.23:812][300]LogHotReload: Starting Hot-Reload from IDE
[2024.11.18-14.58.23:965][300]LogUObjectHash: Compacting FUObjectHashTables data took   0.73ms
[2024.11.18-14.58.23:969][300]LogContentBrowser: Native class hierarchy updated for 'Cozfee' in 0.0005 seconds. Added 2 classes and 2 folders.
[2024.11.18-14.58.23:970][300]Display: HotReload successful (0 functions remapped  0 scriptstructs remapped)
[2024.11.18-14.58.24:015][300]LogUObjectHash: Compacting FUObjectHashTables data took   0.68ms
[2024.11.18-14.58.24:028][300]LogContentBrowser: Native class hierarchy populated in 0.0085 seconds. Added 2866 classes and 684 folders.
[2024.11.18-14.58.24:033][300]Display: HotReload took  0.2s.
